<?xml version="1.0" encoding="UTF-8"?>
<!-- Generated by org.testng.reporters.JUnitReportReporter -->
<testsuite skipped="0" hostname="DESKTOP-TDTR5DK" name="com.cts.CustomerDetailsSubmitTest" tests="4" failures="0" timestamp="11 Mar 2020 20:36:31 GMT" time="4.533" errors="0">
  <testcase name="testWhetherUserNameIsValid" time="1.170" classname="com.cts.CustomerDetailsSubmitTest"/>
  <testcase name="checkWhetherThePlanIsNotExpired" time="1.541" classname="com.cts.CustomerDetailsSubmitTest"/>
  <testcase name="testWhetherMobileNoIsValid" time="0.842" classname="com.cts.CustomerDetailsSubmitTest"/>
  <testcase name="testInvalidRechargeDateException" time="0.980" classname="com.cts.CustomerDetailsSubmitTest"/>
</testsuite> <!-- com.cts.CustomerDetailsSubmitTest -->
